#
# There is insufficient memory for the Java Runtime Environment to continue.
# Native memory allocation (mmap) failed to map 94371840 bytes for G1 virtual space
# Possible reasons:
#   The system is out of physical RAM or swap space
#   The process is running with CompressedOops enabled, and the Java Heap may be blocking the growth of the native heap
# Possible solutions:
#   Reduce memory load on the system
#   Increase physical memory or swap space
#   Check if swap backing store is full
#   Decrease Java heap size (-Xmx/-Xms)
#   Decrease number of Java threads
#   Decrease Java thread stack sizes (-Xss)
#   Set larger code cache with -XX:ReservedCodeCacheSize=
#   JVM is running with Unscaled Compressed Oops mode in which the Java heap is
#     placed in the first 4GB address space. The Java Heap base address is the
#     maximum limit for the native heap growth. Please use -XX:HeapBaseMinAddress
#     to set the Java Heap base and to place the Java Heap above 4GB virtual address.
# This output file may be truncated or incomplete.
#
#  Out of Memory Error (os_windows.cpp:3532), pid=41892, tid=35084
#
# JRE version:  (17.0.2+8) (build )
# Java VM: Java HotSpot(TM) 64-Bit Server VM (17.0.2+8-LTS-86, mixed mode, sharing, tiered, compressed oops, compressed class ptrs, g1 gc, windows-amd64)
# No core dump will be written. Minidumps are not enabled by default on client versions of Windows
#

---------------  S U M M A R Y ------------

Command Line: -Dclassworlds.conf=C:\Users\Rafael Sulimann\Documents\apache-maven-3.8.4\bin\m2.conf -Dmaven.home=C:\Users\Rafael Sulimann\Documents\apache-maven-3.8.4 -Dlibrary.jansi.path=C:\Users\Rafael Sulimann\Documents\apache-maven-3.8.4\lib\jansi-native -Dmaven.multiModuleProjectDirectory=C:\projetos\spring-mongosql-teste\app org.codehaus.plexus.classworlds.launcher.Launcher clean package

Host: Intel(R) Core(TM) i5-10500H CPU @ 2.50GHz, 12 cores, 5G,  Windows 11 , 64 bit Build 22000 (10.0.22000.434)
Time: Sat Feb 19 16:38:56 2022 Hora oficial do Brasil elapsed time: 0.033646 seconds (0d 0h 0m 0s)

---------------  T H R E A D  ---------------

Current thread (0x000001e72049b430):  JavaThread "Unknown thread" [_thread_in_vm, id=35084, stack(0x0000007e0b700000,0x0000007e0b800000)]

Stack: [0x0000007e0b700000,0x0000007e0b800000]
Native frames: (J=compiled Java code, j=interpreted, Vv=VM code, C=native code)
V  [jvm.dll+0x670baa]
V  [jvm.dll+0x7cfcb4]
V  [jvm.dll+0x7d145e]
V  [jvm.dll+0x7d1ac3]
V  [jvm.dll+0x242bc5]
V  [jvm.dll+0x66dac9]
V  [jvm.dll+0x662412]
V  [jvm.dll+0x300c0b]
V  [jvm.dll+0x3081a6]
V  [jvm.dll+0x357d0e]
V  [jvm.dll+0x357f3f]
V  [jvm.dll+0x2d7ec8]
V  [jvm.dll+0x2d8e34]
V  [jvm.dll+0x7a18c1]
V  [jvm.dll+0x365a91]
V  [jvm.dll+0x780d2c]
V  [jvm.dll+0x3e845f]
V  [jvm.dll+0x3e9f01]
C  [jli.dll+0x527b]
C  [ucrtbase.dll+0x26c0c]
C  [KERNEL32.DLL+0x154e0]
C  [ntdll.dll+0x485b]


---------------  P R O C E S S  ---------------

Threads class SMR info:
_java_thread_list=0x00007ffad9ac9858, length=0, elements={
}

Java Threads: ( => current thread )

Other Threads:
  0x000001e7204d09d0 GCTaskThread "GC Thread#0" [stack: 0x0000007e0b800000,0x0000007e0b900000] [id=16780]
  0x000001e7204dca50 ConcurrentGCThread "G1 Main Marker" [stack: 0x0000007e0b900000,0x0000007e0ba00000] [id=17236]
  0x000001e7204dec10 ConcurrentGCThread "G1 Conc#0" [stack: 0x0000007e0ba00000,0x0000007e0bb00000] [id=45100]

[error occurred during error reporting (printing all threads), id 0xc0000005, EXCEPTION_ACCESS_VIOLATION (0xc0000005) at pc=0x00007ffad93188a7]

VM state: not at safepoint (not fully initialized)

VM Mutex/Monitor currently owned by a thread:  ([mutex/lock_event])
[0x000001e720496c90] Heap_lock - owner thread: 0x000001e72049b430

Heap address: 0x00000000a7600000, size: 1418 MB, Compressed Oops mode: 32-bit

CDS archive(s) mapped at: [0x0000000000000000-0x0000000000000000-0x0000000000000000), size 0, SharedBaseAddress: 0x0000000800000000, ArchiveRelocationMode: 0.
Narrow klass base: 0x0000000000000000, Narrow klass shift: 0, Narrow klass range: 0x0

GC Precious Log:
<Empty>

Heap:
 garbage-first heap   total 0K, used 0K [0x00000000a7600000, 0x0000000100000000)
  region size 1024K, 0 young (0K), 0 survivors (0K)

[error occurred during error reporting (printing heap information), id 0xc0000005, EXCEPTION_ACCESS_VIOLATION (0xc0000005) at pc=0x00007ffad96f9f19]

GC Heap History (0 events):
No events

Deoptimization events (0 events):
No events

Classes unloaded (0 events):
No events

Classes redefined (0 events):
No events

Internal exceptions (0 events):
No events

VM Operations (0 events):
No events

Events (1 events):
Event: 0.021 Loaded shared library C:\Program Files\Java\jdk-17.0.2\bin\java.dll


Dynamic libraries:
0x00007ff675080000 - 0x00007ff675090000 	C:\Program Files\Java\jdk-17.0.2\bin\java.exe
0x00007ffb3fa80000 - 0x00007ffb3fc89000 	C:\Windows\SYSTEM32\ntdll.dll
0x00007ffb3ed50000 - 0x00007ffb3ee0d000 	C:\Windows\System32\KERNEL32.DLL
0x00007ffb3d260000 - 0x00007ffb3d5d4000 	C:\Windows\System32\KERNELBASE.dll
0x00007ffb39ff0000 - 0x00007ffb3a081000 	C:\Windows\SYSTEM32\apphelp.dll
0x00007ffb3cfe0000 - 0x00007ffb3d0f1000 	C:\Windows\System32\ucrtbase.dll
0x00007ffb1cce0000 - 0x00007ffb1ccfa000 	C:\Program Files\Java\jdk-17.0.2\bin\VCRUNTIME140.dll
0x00007ffb2a820000 - 0x00007ffb2a838000 	C:\Program Files\Java\jdk-17.0.2\bin\jli.dll
0x00007ffb3f250000 - 0x00007ffb3f2fe000 	C:\Windows\System32\ADVAPI32.dll
0x00007ffb3f7a0000 - 0x00007ffb3f843000 	C:\Windows\System32\msvcrt.dll
0x00007ffb3efd0000 - 0x00007ffb3f06e000 	C:\Windows\System32\sechost.dll
0x00007ffb3f300000 - 0x00007ffb3f420000 	C:\Windows\System32\RPCRT4.dll
0x00007ffb3f0a0000 - 0x00007ffb3f24c000 	C:\Windows\System32\USER32.dll
0x00007ffb3d750000 - 0x00007ffb3d776000 	C:\Windows\System32\win32u.dll
0x00007ffb3e060000 - 0x00007ffb3e089000 	C:\Windows\System32\GDI32.dll
0x00007ffb1da80000 - 0x00007ffb1dd25000 	C:\Windows\WinSxS\amd64_microsoft.windows.common-controls_6595b64144ccf1df_6.0.22000.120_none_9d947278b86cc467\COMCTL32.dll
0x00007ffb3d780000 - 0x00007ffb3d892000 	C:\Windows\System32\gdi32full.dll
0x00007ffb3d1c0000 - 0x00007ffb3d25d000 	C:\Windows\System32\msvcp_win.dll
0x00007ffb2e4a0000 - 0x00007ffb2e4aa000 	C:\Windows\SYSTEM32\VERSION.dll
0x00007ffb3f8e0000 - 0x00007ffb3f911000 	C:\Windows\System32\IMM32.DLL
0x00007ffb36f90000 - 0x00007ffb36f9c000 	C:\Program Files\Java\jdk-17.0.2\bin\vcruntime140_1.dll
0x00007ffafef40000 - 0x00007ffafefcd000 	C:\Program Files\Java\jdk-17.0.2\bin\msvcp140.dll
0x00007ffad9030000 - 0x00007ffad9bf1000 	C:\Program Files\Java\jdk-17.0.2\bin\server\jvm.dll
0x00007ffb3ec90000 - 0x00007ffb3ec98000 	C:\Windows\System32\PSAPI.DLL
0x00007ffb21040000 - 0x00007ffb21049000 	C:\Windows\SYSTEM32\WSOCK32.dll
0x00007ffb35e10000 - 0x00007ffb35e43000 	C:\Windows\SYSTEM32\WINMM.dll
0x00007ffb3ef60000 - 0x00007ffb3efcf000 	C:\Windows\System32\WS2_32.dll
0x00007ffb3c140000 - 0x00007ffb3c158000 	C:\Windows\SYSTEM32\kernel.appcore.dll
0x00007ffb36010000 - 0x00007ffb3601a000 	C:\Program Files\Java\jdk-17.0.2\bin\jimage.dll
0x00007ffb3a450000 - 0x00007ffb3a671000 	C:\Windows\SYSTEM32\DBGHELP.DLL
0x00007ffb2e430000 - 0x00007ffb2e461000 	C:\Windows\SYSTEM32\dbgcore.DLL
0x00007ffb3d8a0000 - 0x00007ffb3d91f000 	C:\Windows\System32\bcryptPrimitives.dll
0x00007ffb18160000 - 0x00007ffb18185000 	C:\Program Files\Java\jdk-17.0.2\bin\java.dll

dbghelp: loaded successfully - version: 4.0.5 - missing functions: none
symbol engine: initialized successfully - sym options: 0x614 - pdb path: .;C:\Program Files\Java\jdk-17.0.2\bin;C:\Windows\SYSTEM32;C:\Windows\WinSxS\amd64_microsoft.windows.common-controls_6595b64144ccf1df_6.0.22000.120_none_9d947278b86cc467;C:\Program Files\Java\jdk-17.0.2\bin\server

VM Arguments:
jvm_args: -Dclassworlds.conf=C:\Users\Rafael Sulimann\Documents\apache-maven-3.8.4\bin\m2.conf -Dmaven.home=C:\Users\Rafael Sulimann\Documents\apache-maven-3.8.4 -Dlibrary.jansi.path=C:\Users\Rafael Sulimann\Documents\apache-maven-3.8.4\lib\jansi-native -Dmaven.multiModuleProjectDirectory=C:\projetos\spring-mongosql-teste\app 
java_command: org.codehaus.plexus.classworlds.launcher.Launcher clean package
java_class_path (initial): C:\Users\Rafael Sulimann\Documents\apache-maven-3.8.4\boot\plexus-classworlds-2.6.0.jar
Launcher Type: SUN_STANDARD

[Global flags]
     intx CICompilerCount                          = 4                                         {product} {ergonomic}
     uint ConcGCThreads                            = 3                                         {product} {ergonomic}
     uint G1ConcRefinementThreads                  = 10                                        {product} {ergonomic}
   size_t G1HeapRegionSize                         = 1048576                                   {product} {ergonomic}
    uintx GCDrainStackTargetSize                   = 64                                        {product} {ergonomic}
   size_t InitialHeapSize                          = 94371840                                  {product} {ergonomic}
   size_t MarkStackSize                            = 4194304                                   {product} {ergonomic}
   size_t MaxHeapSize                              = 1486880768                                {product} {ergonomic}
   size_t MinHeapDeltaBytes                        = 1048576                                   {product} {ergonomic}
   size_t MinHeapSize                              = 8388608                                   {product} {ergonomic}
    uintx NonNMethodCodeHeapSize                   = 5839372                                {pd product} {ergonomic}
    uintx NonProfiledCodeHeapSize                  = 122909434                              {pd product} {ergonomic}
    uintx ProfiledCodeHeapSize                     = 122909434                              {pd product} {ergonomic}
    uintx ReservedCodeCacheSize                    = 251658240                              {pd product} {ergonomic}
     bool SegmentedCodeCache                       = true                                      {product} {ergonomic}
   size_t SoftMaxHeapSize                          = 1486880768                             {manageable} {ergonomic}
     bool UseCompressedClassPointers               = true                           {product lp64_product} {ergonomic}
     bool UseCompressedOops                        = true                           {product lp64_product} {ergonomic}
     bool UseG1GC                                  = true                                      {product} {ergonomic}
     bool UseLargePagesIndividualAllocation        = false                                  {pd product} {ergonomic}

Logging:
Log output configuration:
 #0: stdout all=warning uptime,level,tags
 #1: stderr all=off uptime,level,tags

Environment Variables:
JAVA_HOME=C:\Program Files\Java\jdk-17.0.2
PATH=C:\Program Files\Common Files\Oracle\Java\javapath;C:\Program Files\Java\jdk-17.0.2\bin;C:\Windows\system32;C:\Windows;C:\Windows\System32\Wbem;C:\Windows\System32\WindowsPowerShell\v1.0\;C:\Windows\System32\OpenSSH\;C:\Program Files (x86)\NVIDIA Corporation\PhysX\Common;C:\Program Files\NVIDIA Corporation\NVIDIA NvDLISR;C:\Users\Rafael Sulimann\Documents\apache-maven-3.8.4\bin;C:\Program Files\Git\cmd;C:\Program Files\MongoDB\Server\5.0\bin;;C:\Program Files\Docker\Docker\resources\bin;C:\ProgramData\DockerDesktop\version-bin;C:\Users\Rafael Sulimann\AppData\Local\Microsoft\WindowsApps;C:\Users\Rafael Sulimann\AppData\Local\Programs\Microsoft VS Code\bin;C:\Program Files\heroku\bin
USERNAME=Rafael Sulimann
OS=Windows_NT
PROCESSOR_IDENTIFIER=Intel64 Family 6 Model 165 Stepping 2, GenuineIntel



---------------  S Y S T E M  ---------------

OS:
 Windows 11 , 64 bit Build 22000 (10.0.22000.434)
OS uptime: 4 days 23:17 hours
Hyper-V role detected

CPU: total 12 (initial active 12) (6 cores per cpu, 2 threads per core) family 6 model 165 stepping 2 microcode 0xec, cx8, cmov, fxsr, ht, mmx, 3dnowpref, sse, sse2, sse3, ssse3, sse4.1, sse4.2, popcnt, lzcnt, tsc, tscinvbit, avx, avx2, aes, erms, clmul, bmi1, bmi2, adx, fma, vzeroupper, clflush, clflushopt, hv

Memory: 4k page, system-wide physical 5671M (279M free)
TotalPageFile size 23079M (AvailPageFile size 49M)
current process WorkingSet (physical memory assigned to process): 11M, peak: 11M
current process commit charge ("private bytes"): 64M, peak: 153M

vm_info: Java HotSpot(TM) 64-Bit Server VM (17.0.2+8-LTS-86) for windows-amd64 JRE (17.0.2+8-LTS-86), built on Dec  7 2021 21:51:03 by "mach5one" with MS VC++ 16.8 / 16.9 (VS2019)

END.
